<?xml version="1.0" encoding="UTF-8"?>
<testng-results ignored="0" total="1" passed="1" failed="0" skipped="0">
  <reporter-output>
  </reporter-output>
  <suite started-at="2022-05-20T16:09:26Z" name="Default suite" finished-at="2022-05-20T16:09:45Z" duration-ms="18518">
    <groups>
    </groups>
    <test started-at="2022-05-20T16:09:26Z" name="Default test" finished-at="2022-05-20T16:09:45Z" duration-ms="18518">
      <class name="com.college.collegebagtestng.collegebag">
        <test-method signature="collegebagtest()[pri:0, instance:com.college.collegebagtestng.collegebag@57a78e3]" started-at="2022-05-20T16:09:26Z" name="collegebagtest" finished-at="2022-05-20T16:09:45Z" duration-ms="18490" status="PASS">
          <reporter-output>
          </reporter-output>
        </test-method> <!-- collegebagtest -->
      </class> <!-- com.college.collegebagtestng.collegebag -->
    </test> <!-- Default test -->
  </suite> <!-- Default suite -->
</testng-results>
